### System Report ###
Report saved to: report.txt
Report generated at Monday 22 July 2024 02:12:48 PM IST
### CPU Usage ###
CPU Usage : 12.5%
### Memory Usage ###
Memory Usage : 10365/15802MB (65.59%)
### Disk Usage ###
Disk Usage : 73/461GB (17%)
### Network Statistics ###
Network Connectivity Check:
Ping successful
### Top Processes ###
    PID    PPID CMD                         %MEM %CPU
  71921   38261 /usr/lib/virtualbox/VBoxHea  0.4 31.7
  20903   20520 /opt/google/chrome/chrome -  5.1  3.7
 501541   88451 /usr/share/code/code --type  1.2  3.6
 494452   20520 /opt/google/chrome/chrome -  1.5  3.3
 509829   20520 /opt/google/chrome/chrome -  0.7  3.3
   4935    4767 /usr/bin/gnome-shell         1.5  3.2
 492773  492249 /snap/outlook-for-linux/18/  1.6  2.6
 509489       1 /usr/bin/java -Djava.awt.he  4.4  2.5
  20547   20517 /opt/google/chrome/chrome -  0.7  2.1
### System Logs Analysis ###
Recent Critical Events:
No critical events found.
### Service Status ###
Apache service is not running.
     Active: active (running) since Sun 2024-07-21 11:06:36 IST; 1 day 3h ago
### External Services Connectivity ###
External Service (Google) Connectivity Check:
Ping successful
### End of Report ###
Report generated at Monday 22 July 2024 02:26:56 PM IST
### CPU Usage ###
CPU Usage : 15.5%
### Memory Usage ###
Memory Usage : 10487/15802MB (66.37%)
### Disk Usage ###
Disk Usage : 73/461GB (17%)
### Network Statistics ###
Network Connectivity Check:
Ping successful
### Top Processes ###
    PID    PPID CMD                         %MEM %CPU
  71921   38261 /usr/lib/virtualbox/VBoxHea  0.4 32.0
 527815   20520 /opt/google/chrome/chrome -  1.2  6.7
  20903   20520 /opt/google/chrome/chrome -  5.3  3.7
 501541   88451 /usr/share/code/code --type  1.2  3.5
   4935    4767 /usr/bin/gnome-shell         1.5  3.3
 494452   20520 /opt/google/chrome/chrome -  1.5  3.2
 509829   20520 /opt/google/chrome/chrome -  0.8  2.9
 492773  492249 /snap/outlook-for-linux/18/  1.6  2.6
 509489       1 /usr/bin/java -Djava.awt.he  4.4  2.3
### System Logs Analysis ###
Recent Critical Events:
No critical events found.
### Service Status ###
Apache service is not running.
     Active: active (running) since Sun 2024-07-21 11:06:36 IST; 1 day 3h ago
### External Services Connectivity ###
External Service (Google) Connectivity Check:
Ping successful
### End of Report ###
Report generated at Monday 22 July 2024 02:46:14 PM IST
### CPU Usage ###
CPU Usage : 25.3%
### Memory Usage ###
Memory Usage : 10448/15802MB (66.12%)
### Disk Usage ###
Disk Usage : 73/461GB (17%)
### Network Statistics ###
Network Connectivity Check:
Ping successful
### Top Processes ###
    PID    PPID CMD                         %MEM %CPU
  71921   38261 /usr/lib/virtualbox/VBoxHea  0.4 32.4
  20903   20520 /opt/google/chrome/chrome -  5.1  3.7
 501541   88451 /usr/share/code/code --type  1.2  3.6
   4935    4767 /usr/bin/gnome-shell         1.5  3.3
 509829   20520 /opt/google/chrome/chrome -  0.9  3.1
 494452   20520 /opt/google/chrome/chrome -  1.5  3.0
 492773  492249 /snap/outlook-for-linux/18/  1.8  2.9
 509489       1 /usr/bin/java -Djava.awt.he  4.9  2.7
 527815   20520 /opt/google/chrome/chrome -  1.1  2.6
### System Logs Analysis ###
Recent Critical Events:
No critical events found.
### Service Status ###
Apache service is not running.
     Active: active (running) since Sun 2024-07-21 11:06:36 IST; 1 day 3h ago
### External Services Connectivity ###
External Service (Google) Connectivity Check:
Ping successful
### Alerting System ###
CPU Usage is above threshold (80%) - 89.0%
### End of Report ###
